TN:
SF:src/app.ts
FN:13,(anonymous_1)
FN:22,(anonymous_2)
FN:35,(anonymous_3)
FN:43,(anonymous_4)
FNF:4
FNH:3
FNDA:11,(anonymous_1)
FNDA:1,(anonymous_2)
FNDA:1,(anonymous_3)
FNDA:0,(anonymous_4)
DA:1,1
DA:2,1
DA:3,1
DA:5,1
DA:8,1
DA:9,1
DA:10,1
DA:13,1
DA:14,11
DA:15,11
DA:19,1
DA:22,1
DA:23,1
DA:35,1
DA:36,1
DA:43,1
DA:44,0
DA:45,0
DA:51,1
LF:19
LH:17
BRF:0
BRH:0
end_of_record
TN:
SF:src/index.ts
FN:8,(anonymous_1)
FNF:1
FNH:0
FNDA:0,(anonymous_1)
DA:1,0
DA:2,0
DA:4,0
DA:6,0
DA:8,0
DA:9,0
DA:10,0
LF:7
LH:0
BRDA:6,0,0,0
BRDA:6,0,1,0
BRF:2
BRH:0
end_of_record
TN:
SF:src/database/db.ts
FN:19,(anonymous_9)
FN:25,(anonymous_10)
FN:32,(anonymous_11)
FN:44,(anonymous_12)
FN:53,(anonymous_13)
FN:54,(anonymous_14)
FN:57,(anonymous_15)
FN:62,(anonymous_16)
FN:67,(anonymous_17)
FNF:9
FNH:8
FNDA:1,(anonymous_9)
FNDA:1,(anonymous_10)
FNDA:1,(anonymous_11)
FNDA:13,(anonymous_12)
FNDA:5,(anonymous_13)
FNDA:2,(anonymous_14)
FNDA:4,(anonymous_15)
FNDA:0,(anonymous_16)
FNDA:9,(anonymous_17)
DA:1,1
DA:2,1
DA:20,1
DA:21,1
DA:22,1
DA:26,1
DA:27,1
DA:28,0
DA:33,1
DA:34,1
DA:35,0
DA:36,0
DA:39,0
DA:41,1
DA:45,13
DA:46,13
DA:48,0
DA:49,0
DA:54,5
DA:58,4
DA:59,4
DA:63,0
DA:68,9
DA:69,9
DA:73,1
LF:25
LH:18
BRDA:27,0,0,0
BRDA:27,0,1,1
BRDA:34,1,0,0
BRDA:34,1,1,1
BRF:4
BRH:2
end_of_record
TN:
SF:src/routes/credentialRoutes.ts
FN:7,(anonymous_0)
FN:17,(anonymous_1)
FN:45,(anonymous_2)
FNF:3
FNH:3
FNDA:1,(anonymous_0)
FNDA:7,(anonymous_1)
FNDA:1,(anonymous_2)
DA:1,1
DA:2,1
DA:4,1
DA:7,1
DA:8,1
DA:17,1
DA:18,7
DA:19,7
DA:22,7
DA:23,2
DA:30,5
DA:32,5
DA:34,5
DA:36,0
DA:37,0
DA:45,1
DA:46,1
DA:52,1
LF:18
LH:16
BRDA:22,0,0,2
BRDA:22,0,1,5
BRDA:22,1,0,7
BRDA:22,1,1,6
BRDA:32,2,0,1
BRDA:32,2,1,4
BRF:6
BRH:6
end_of_record
TN:
SF:src/services/credentialService.ts
FN:19,(anonymous_9)
FN:24,(anonymous_10)
FN:30,(anonymous_11)
FN:34,(anonymous_12)
FN:40,(anonymous_13)
FNF:5
FNH:5
FNDA:1,(anonymous_9)
FNDA:1,(anonymous_10)
FNDA:2,(anonymous_11)
FNDA:5,(anonymous_12)
FNDA:5,(anonymous_13)
DA:1,1
DA:2,1
DA:3,1
DA:16,1
DA:21,1
DA:25,1
DA:27,1
DA:31,2
DA:36,5
DA:37,5
DA:41,5
DA:42,5
DA:45,5
DA:47,5
DA:48,1
DA:57,4
DA:65,4
DA:67,4
DA:74,0
DA:79,1
LF:20
LH:19
BRDA:47,0,0,1
BRDA:47,0,1,4
BRF:2
BRH:2
end_of_record
