TN:
SF:src/app.ts
FN:13,(anonymous_1)
FN:22,(anonymous_2)
FN:35,(anonymous_3)
FN:43,(anonymous_4)
FNF:4
FNH:2
FNDA:8,(anonymous_1)
FNDA:1,(anonymous_2)
FNDA:0,(anonymous_3)
FNDA:0,(anonymous_4)
DA:1,1
DA:2,1
DA:3,1
DA:5,1
DA:8,1
DA:9,1
DA:10,1
DA:13,1
DA:14,8
DA:15,8
DA:19,1
DA:22,1
DA:23,1
DA:35,1
DA:36,0
DA:43,1
DA:44,0
DA:45,0
DA:51,1
LF:19
LH:16
BRF:0
BRH:0
end_of_record
TN:
SF:src/index.ts
FN:8,(anonymous_1)
FNF:1
FNH:0
FNDA:0,(anonymous_1)
DA:1,0
DA:2,0
DA:4,0
DA:6,0
DA:8,0
DA:9,0
DA:10,0
LF:7
LH:0
BRDA:6,0,0,0
BRDA:6,0,1,0
BRF:2
BRH:0
end_of_record
TN:
SF:src/database/db.ts
FN:21,(anonymous_9)
FN:27,(anonymous_10)
FN:34,(anonymous_11)
FN:46,(anonymous_12)
FN:55,(anonymous_13)
FN:60,(anonymous_14)
FN:65,(anonymous_15)
FNF:7
FNH:6
FNDA:1,(anonymous_9)
FNDA:1,(anonymous_10)
FNDA:1,(anonymous_11)
FNDA:10,(anonymous_12)
FNDA:2,(anonymous_13)
FNDA:0,(anonymous_14)
FNDA:8,(anonymous_15)
DA:1,1
DA:2,1
DA:22,1
DA:23,1
DA:24,1
DA:28,1
DA:29,1
DA:30,0
DA:35,1
DA:36,1
DA:37,0
DA:38,0
DA:41,0
DA:43,1
DA:47,10
DA:48,10
DA:50,0
DA:51,0
DA:56,2
DA:57,2
DA:61,0
DA:66,8
DA:67,8
DA:71,1
LF:24
LH:17
BRDA:29,0,0,0
BRDA:29,0,1,1
BRDA:36,1,0,0
BRDA:36,1,1,1
BRF:4
BRH:2
end_of_record
TN:
SF:src/routes/verificationRoutes.ts
FN:7,(anonymous_0)
FN:17,(anonymous_1)
FN:52,(anonymous_2)
FNF:3
FNH:3
FNDA:1,(anonymous_0)
FNDA:5,(anonymous_1)
FNDA:1,(anonymous_2)
DA:1,1
DA:2,1
DA:4,1
DA:7,1
DA:8,1
DA:17,1
DA:18,5
DA:19,5
DA:22,5
DA:23,2
DA:30,3
DA:32,2
DA:34,1
DA:37,1
DA:38,1
DA:44,0
DA:52,1
DA:53,1
DA:59,1
LF:19
LH:18
BRDA:22,0,0,2
BRDA:22,0,1,3
BRDA:22,1,0,5
BRDA:22,1,1,4
BRDA:37,2,0,1
BRDA:37,2,1,0
BRDA:37,3,0,1
BRDA:37,3,1,1
BRF:8
BRH:7
end_of_record
TN:
SF:src/services/verificationService.ts
FN:25,(anonymous_10)
FN:32,(anonymous_11)
FN:37,(anonymous_12)
FN:41,(anonymous_13)
FN:47,(anonymous_14)
FN:94,(anonymous_15)
FNF:6
FNH:6
FNDA:1,(anonymous_10)
FNDA:1,(anonymous_11)
FNDA:2,(anonymous_12)
FNDA:3,(anonymous_13)
FNDA:3,(anonymous_14)
FNDA:3,(anonymous_15)
DA:1,1
DA:2,1
DA:3,1
DA:4,1
DA:21,1
DA:26,1
DA:29,1
DA:33,1
DA:34,1
DA:38,2
DA:43,3
DA:44,3
DA:48,3
DA:49,3
DA:51,3
DA:53,3
DA:55,2
DA:65,2
DA:67,2
DA:68,1
DA:79,1
DA:89,1
DA:90,1
DA:99,3
DA:101,3
DA:109,2
DA:110,0
DA:111,0
DA:114,2
DA:116,2
DA:117,1
DA:124,1
DA:126,1
DA:128,1
DA:133,1
LF:35
LH:33
BRDA:29,0,0,1
BRDA:29,0,1,1
BRDA:59,1,0,1
BRDA:59,1,1,1
BRDA:67,2,0,1
BRDA:67,2,1,1
BRDA:109,3,0,0
BRDA:109,3,1,2
BRDA:116,4,0,1
BRDA:116,4,1,1
BRDA:116,5,0,2
BRDA:116,5,1,1
BRF:12
BRH:11
end_of_record
